TN:
SF:C:\Users\Ihar_Sakun\OneDrive - EPAM\prv\data\cdp\FrontCamp\FCMP\angular-news\src\polyfills.ts
FNF:0
FNH:0
LF:0
LH:0
BRF:0
BRH:0
end_of_record
TN:
SF:C:\Users\Ihar_Sakun\OneDrive - EPAM\prv\data\cdp\FrontCamp\FCMP\angular-news\src\test.ts
FNF:0
FNH:0
DA:13,1
DA:18,1
DA:20,1
LF:3
LH:3
BRF:0
BRH:0
end_of_record
TN:
SF:C:\Users\Ihar_Sakun\OneDrive - EPAM\prv\data\cdp\FrontCamp\FCMP\angular-news\src\app\app.component.ts
FN:15,(anonymous_0)
FN:21,(anonymous_1)
FNF:2
FNH:2
FNDA:1,(anonymous_0)
FNDA:1,(anonymous_1)
DA:11,1
DA:12,1
DA:16,1
DA:17,1
DA:22,1
DA:23,1
LF:6
LH:6
BRF:0
BRH:0
end_of_record
TN:
SF:C:\Users\Ihar_Sakun\OneDrive - EPAM\prv\data\cdp\FrontCamp\FCMP\angular-news\src\app\auth\auth-routing.module.ts
FNF:0
FNH:0
DA:6,1
DA:26,1
LF:2
LH:2
BRF:0
BRH:0
end_of_record
TN:
SF:C:\Users\Ihar_Sakun\OneDrive - EPAM\prv\data\cdp\FrontCamp\FCMP\angular-news\src\app\auth\auth.component.ts
FN:18,(anonymous_0)
FN:23,(anonymous_1)
FN:30,(anonymous_2)
FN:32,(anonymous_3)
FN:41,(anonymous_4)
FN:45,(anonymous_5)
FNF:6
FNH:6
FNDA:5,(anonymous_0)
FNDA:5,(anonymous_1)
FNDA:2,(anonymous_2)
FNDA:2,(anonymous_3)
FNDA:1,(anonymous_4)
FNDA:1,(anonymous_5)
DA:12,1
DA:14,5
DA:15,5
DA:18,5
DA:19,5
DA:20,5
DA:24,5
DA:31,2
DA:33,2
DA:34,1
DA:36,1
DA:42,1
DA:46,1
LF:13
LH:13
BRDA:33,0,0,1
BRDA:33,0,1,1
BRF:2
BRH:2
end_of_record
TN:
SF:C:\Users\Ihar_Sakun\OneDrive - EPAM\prv\data\cdp\FrontCamp\FCMP\angular-news\src\app\auth\auth.module.ts
FNF:0
FNH:0
DA:29,1
LF:1
LH:1
BRF:0
BRH:0
end_of_record
TN:
SF:C:\Users\Ihar_Sakun\OneDrive - EPAM\prv\data\cdp\FrontCamp\FCMP\angular-news\src\app\auth\components\registration\registration.component.ts
FN:18,(anonymous_0)
FN:25,(anonymous_1)
FN:33,(anonymous_2)
FN:35,(anonymous_3)
FN:38,(anonymous_4)
FN:43,(anonymous_5)
FNF:6
FNH:6
FNDA:4,(anonymous_0)
FNDA:4,(anonymous_1)
FNDA:2,(anonymous_2)
FNDA:1,(anonymous_3)
FNDA:1,(anonymous_4)
FNDA:1,(anonymous_5)
DA:12,1
DA:13,4
DA:14,4
DA:15,4
DA:19,4
DA:20,4
DA:21,4
DA:26,4
DA:34,2
DA:36,1
DA:39,1
DA:44,1
LF:12
LH:12
BRF:0
BRH:0
end_of_record
TN:
SF:C:\Users\Ihar_Sakun\OneDrive - EPAM\prv\data\cdp\FrontCamp\FCMP\angular-news\src\app\auth\mock\auth.mock.service.ts
FN:15,(anonymous_0)
FN:18,(anonymous_1)
FN:22,(anonymous_2)
FN:26,(anonymous_3)
FNF:4
FNH:2
FNDA:12,(anonymous_0)
FNDA:1,(anonymous_1)
FNDA:0,(anonymous_2)
FNDA:0,(anonymous_3)
DA:3,1
DA:12,12
DA:13,12
DA:19,1
DA:23,0
LF:5
LH:4
BRF:0
BRH:0
end_of_record
TN:
SF:C:\Users\Ihar_Sakun\OneDrive - EPAM\prv\data\cdp\FrontCamp\FCMP\angular-news\src\app\auth\services\auth\auth.service.ts
FN:14,(anonymous_0)
FN:17,(anonymous_1)
FN:33,(anonymous_2)
FN:34,(anonymous_3)
FN:40,(anonymous_4)
FN:47,(anonymous_5)
FN:63,(anonymous_6)
FN:66,(anonymous_7)
FN:71,(anonymous_8)
FN:77,(anonymous_9)
FN:80,(anonymous_10)
FNF:11
FNH:1
FNDA:7,(anonymous_0)
FNDA:0,(anonymous_1)
FNDA:0,(anonymous_2)
FNDA:0,(anonymous_3)
FNDA:0,(anonymous_4)
FNDA:0,(anonymous_5)
FNDA:0,(anonymous_6)
FNDA:0,(anonymous_7)
FNDA:0,(anonymous_8)
FNDA:0,(anonymous_9)
FNDA:0,(anonymous_10)
DA:8,1
DA:10,7
DA:11,7
DA:12,7
DA:14,7
DA:18,0
DA:19,0
DA:20,0
DA:33,0
DA:35,0
DA:36,0
DA:37,0
DA:38,0
DA:41,0
DA:42,0
DA:43,0
DA:48,0
DA:49,0
DA:50,0
DA:64,0
DA:67,0
DA:72,0
DA:73,0
DA:74,0
DA:75,0
DA:76,0
DA:78,0
DA:81,0
LF:28
LH:5
BRF:0
BRH:0
end_of_record
TN:
SF:C:\Users\Ihar_Sakun\OneDrive - EPAM\prv\data\cdp\FrontCamp\FCMP\angular-news\src\app\core\core.stub.module.ts
FNF:0
FNH:0
DA:25,1
LF:1
LH:1
BRF:0
BRH:0
end_of_record
TN:
SF:C:\Users\Ihar_Sakun\OneDrive - EPAM\prv\data\cdp\FrontCamp\FCMP\angular-news\src\app\core\components\footer\footer.component.ts
FN:10,(anonymous_0)
FN:13,(anonymous_1)
FNF:2
FNH:2
FNDA:2,(anonymous_0)
FNDA:1,(anonymous_1)
DA:8,1
LF:1
LH:1
BRF:0
BRH:0
end_of_record
TN:
SF:C:\Users\Ihar_Sakun\OneDrive - EPAM\prv\data\cdp\FrontCamp\FCMP\angular-news\src\app\core\components\footer\footer.stub.component.ts
FNF:0
FNH:0
DA:8,1
LF:1
LH:1
BRF:0
BRH:0
end_of_record
TN:
SF:C:\Users\Ihar_Sakun\OneDrive - EPAM\prv\data\cdp\FrontCamp\FCMP\angular-news\src\app\core\components\header\header.component.ts
FN:10,(anonymous_0)
FN:13,(anonymous_1)
FNF:2
FNH:2
FNDA:2,(anonymous_0)
FNDA:1,(anonymous_1)
DA:8,1
LF:1
LH:1
BRF:0
BRH:0
end_of_record
TN:
SF:C:\Users\Ihar_Sakun\OneDrive - EPAM\prv\data\cdp\FrontCamp\FCMP\angular-news\src\app\core\components\header\header.stub.component.ts
FNF:0
FNH:0
DA:8,1
LF:1
LH:1
BRF:0
BRH:0
end_of_record
TN:
SF:C:\Users\Ihar_Sakun\OneDrive - EPAM\prv\data\cdp\FrontCamp\FCMP\angular-news\src\app\core\components\loading\loading.component.ts
FN:12,(anonymous_0)
FN:15,(anonymous_1)
FNF:2
FNH:2
FNDA:2,(anonymous_0)
FNDA:1,(anonymous_1)
DA:8,1
DA:9,2
DA:10,2
LF:3
LH:3
BRF:0
BRH:0
end_of_record
TN:
SF:C:\Users\Ihar_Sakun\OneDrive - EPAM\prv\data\cdp\FrontCamp\FCMP\angular-news\src\app\core\components\loading\loading.stub.component.ts
FNF:0
FNH:0
DA:8,1
LF:1
LH:1
BRF:0
BRH:0
end_of_record
TN:
SF:C:\Users\Ihar_Sakun\OneDrive - EPAM\prv\data\cdp\FrontCamp\FCMP\angular-news\src\app\core\components\logo\logo.component.ts
FN:11,(anonymous_0)
FN:14,(anonymous_1)
FNF:2
FNH:2
FNDA:2,(anonymous_0)
FNDA:2,(anonymous_1)
DA:8,1
DA:9,2
LF:2
LH:2
BRF:0
BRH:0
end_of_record
TN:
SF:C:\Users\Ihar_Sakun\OneDrive - EPAM\prv\data\cdp\FrontCamp\FCMP\angular-news\src\app\core\components\logo\logo.stub.component.ts
FNF:0
FNH:0
DA:8,1
LF:1
LH:1
BRF:0
BRH:0
end_of_record
TN:
SF:C:\Users\Ihar_Sakun\OneDrive - EPAM\prv\data\cdp\FrontCamp\FCMP\angular-news\src\app\core\components\logout\logout.component.ts
FN:18,(anonymous_0)
FN:24,(anonymous_1)
FN:25,(anonymous_2)
FN:29,(anonymous_3)
FN:39,(anonymous_4)
FN:49,(anonymous_5)
FN:53,(anonymous_6)
FN:57,(anonymous_7)
FN:58,(anonymous_8)
FNF:9
FNH:6
FNDA:2,(anonymous_0)
FNDA:2,(anonymous_1)
FNDA:2,(anonymous_2)
FNDA:2,(anonymous_3)
FNDA:0,(anonymous_4)
FNDA:0,(anonymous_5)
FNDA:0,(anonymous_6)
FNDA:2,(anonymous_7)
FNDA:6,(anonymous_8)
DA:11,1
DA:14,2
DA:16,2
DA:19,2
DA:20,2
DA:25,2
DA:26,2
DA:29,2
DA:30,2
DA:31,2
DA:32,0
DA:34,2
DA:38,2
DA:40,0
DA:41,0
DA:46,2
DA:50,0
DA:54,0
DA:58,2
DA:59,6
LF:20
LH:15
BRDA:31,0,0,0
BRDA:31,0,1,2
BRDA:40,1,0,0
BRDA:40,1,1,0
BRF:4
BRH:1
end_of_record
TN:
SF:C:\Users\Ihar_Sakun\OneDrive - EPAM\prv\data\cdp\FrontCamp\FCMP\angular-news\src\app\core\components\logout\logout.stub.component.ts
FNF:0
FNH:0
DA:8,1
LF:1
LH:1
BRF:0
BRH:0
end_of_record
TN:
SF:C:\Users\Ihar_Sakun\OneDrive - EPAM\prv\data\cdp\FrontCamp\FCMP\angular-news\src\app\core\components\page-not-found\page-not-found.component.ts
FN:10,(anonymous_0)
FN:13,(anonymous_1)
FNF:2
FNH:2
FNDA:1,(anonymous_0)
FNDA:1,(anonymous_1)
DA:8,1
LF:1
LH:1
BRF:0
BRH:0
end_of_record
TN:
SF:C:\Users\Ihar_Sakun\OneDrive - EPAM\prv\data\cdp\FrontCamp\FCMP\angular-news\src\app\core\components\page-not-found\page-not-found.stub.component.ts
FNF:0
FNH:0
DA:8,1
LF:1
LH:1
BRF:0
BRH:0
end_of_record
TN:
SF:C:\Users\Ihar_Sakun\OneDrive - EPAM\prv\data\cdp\FrontCamp\FCMP\angular-news\src\app\core\guards\auth.guard.ts
FN:10,(anonymous_0)
FN:14,(anonymous_1)
FNF:2
FNH:2
FNDA:3,(anonymous_0)
FNDA:2,(anonymous_1)
DA:8,1
DA:10,3
DA:11,3
DA:16,2
DA:18,2
DA:19,1
DA:21,2
LF:7
LH:7
BRDA:18,0,0,1
BRDA:18,0,1,1
BRF:2
BRH:2
end_of_record
TN:
SF:C:\Users\Ihar_Sakun\OneDrive - EPAM\prv\data\cdp\FrontCamp\FCMP\angular-news\src\app\core\mock\init-icons.mock.service.ts
FN:3,(anonymous_0)
FN:6,(anonymous_1)
FNF:2
FNH:1
FNDA:1,(anonymous_0)
FNDA:0,(anonymous_1)
LF:0
LH:0
BRF:0
BRH:0
end_of_record
TN:
SF:C:\Users\Ihar_Sakun\OneDrive - EPAM\prv\data\cdp\FrontCamp\FCMP\angular-news\src\app\core\mock\loading.mock.service.ts
FN:6,(anonymous_0)
FN:9,(anonymous_1)
FN:13,(anonymous_2)
FNF:3
FNH:1
FNDA:1,(anonymous_0)
FNDA:0,(anonymous_1)
FNDA:0,(anonymous_2)
DA:4,1
DA:10,0
DA:14,0
LF:3
LH:1
BRF:0
BRH:0
end_of_record
TN:
SF:C:\Users\Ihar_Sakun\OneDrive - EPAM\prv\data\cdp\FrontCamp\FCMP\angular-news\src\app\core\services\config\config.service.ts
FN:42,(anonymous_0)
FN:45,(anonymous_1)
FN:46,(anonymous_2)
FNF:3
FNH:3
FNDA:6,(anonymous_0)
FNDA:8,(anonymous_1)
FNDA:35,(anonymous_2)
DA:6,1
DA:7,6
DA:46,35
DA:47,8
DA:48,7
DA:50,1
LF:6
LH:6
BRDA:47,0,0,7
BRDA:47,0,1,1
BRF:2
BRH:2
end_of_record
TN:
SF:C:\Users\Ihar_Sakun\OneDrive - EPAM\prv\data\cdp\FrontCamp\FCMP\angular-news\src\app\core\services\init-icons\init-icons.service.ts
FN:8,(anonymous_0)
FN:11,(anonymous_1)
FNF:2
FNH:2
FNDA:2,(anonymous_0)
FNDA:1,(anonymous_1)
DA:6,1
DA:8,2
DA:12,1
DA:15,1
DA:18,1
DA:21,1
DA:24,1
DA:27,1
DA:30,1
DA:33,1
DA:36,1
DA:39,1
DA:42,1
DA:45,1
DA:48,1
DA:51,1
DA:54,1
LF:17
LH:17
BRF:0
BRH:0
end_of_record
TN:
SF:C:\Users\Ihar_Sakun\OneDrive - EPAM\prv\data\cdp\FrontCamp\FCMP\angular-news\src\app\core\services\loading\loading.service.ts
FN:12,(anonymous_0)
FN:15,(anonymous_1)
FN:23,(anonymous_2)
FN:32,(anonymous_3)
FNF:4
FNH:2
FNDA:8,(anonymous_0)
FNDA:2,(anonymous_1)
FNDA:0,(anonymous_2)
FNDA:0,(anonymous_3)
DA:7,1
DA:8,8
DA:9,8
DA:16,2
DA:17,2
DA:18,2
DA:20,2
DA:21,0
DA:22,0
DA:23,0
DA:24,0
DA:27,0
DA:33,0
LF:13
LH:7
BRDA:16,0,0,2
BRDA:16,0,1,0
BRDA:20,1,0,0
BRDA:20,1,1,2
BRDA:20,2,0,2
BRDA:20,2,1,2
BRDA:22,3,0,0
BRDA:22,3,1,0
BRF:8
BRH:4
end_of_record
TN:
SF:C:\Users\Ihar_Sakun\OneDrive - EPAM\prv\data\cdp\FrontCamp\FCMP\angular-news\src\app\news\news.component.ts
FN:23,(anonymous_0)
FN:30,(anonymous_1)
FN:31,(anonymous_2)
FN:35,(anonymous_3)
FN:42,(anonymous_4)
FN:49,(anonymous_5)
FN:52,(anonymous_6)
FN:60,(anonymous_7)
FN:62,(anonymous_8)
FN:68,(anonymous_9)
FN:72,(anonymous_10)
FN:76,(anonymous_11)
FN:77,(anonymous_12)
FNF:13
FNH:8
FNDA:1,(anonymous_0)
FNDA:1,(anonymous_1)
FNDA:2,(anonymous_2)
FNDA:1,(anonymous_3)
FNDA:1,(anonymous_4)
FNDA:2,(anonymous_5)
FNDA:0,(anonymous_6)
FNDA:0,(anonymous_7)
FNDA:0,(anonymous_8)
FNDA:0,(anonymous_9)
FNDA:0,(anonymous_10)
FNDA:1,(anonymous_11)
FNDA:2,(anonymous_12)
DA:14,1
DA:18,1
DA:19,1
DA:21,1
DA:23,1
DA:24,1
DA:25,1
DA:26,1
DA:27,1
DA:31,1
DA:32,2
DA:33,2
DA:34,1
DA:35,1
DA:36,1
DA:38,1
DA:42,1
DA:43,1
DA:44,1
DA:46,1
DA:50,2
DA:51,2
DA:52,2
DA:53,0
DA:54,0
DA:55,0
DA:61,0
DA:63,0
DA:64,0
DA:69,0
DA:73,0
DA:77,2
LF:32
LH:24
BRDA:32,0,0,0
BRDA:32,0,1,2
BRDA:33,1,0,1
BRDA:33,1,1,1
BRF:4
BRH:3
end_of_record
TN:
SF:C:\Users\Ihar_Sakun\OneDrive - EPAM\prv\data\cdp\FrontCamp\FCMP\angular-news\src\app\news\news.stub.component.ts
FNF:0
FNH:0
DA:8,1
LF:1
LH:1
BRF:0
BRH:0
end_of_record
TN:
SF:C:\Users\Ihar_Sakun\OneDrive - EPAM\prv\data\cdp\FrontCamp\FCMP\angular-news\src\app\news\classes\News.ts
FN:2,(anonymous_0)
FNF:1
FNH:1
FNDA:1,(anonymous_0)
DA:3,1
DA:4,1
DA:5,1
DA:6,1
DA:7,1
DA:8,1
DA:9,1
DA:10,1
DA:11,1
LF:9
LH:9
BRDA:11,0,0,0
BRF:1
BRH:0
end_of_record
TN:
SF:C:\Users\Ihar_Sakun\OneDrive - EPAM\prv\data\cdp\FrontCamp\FCMP\angular-news\src\app\news\components\add-news\add-news.component.ts
FN:20,(anonymous_0)
FN:26,(anonymous_1)
FN:36,(anonymous_2)
FN:43,(anonymous_3)
FN:47,(anonymous_4)
FN:51,(anonymous_5)
FN:56,(anonymous_6)
FN:57,(anonymous_7)
FNF:8
FNH:5
FNDA:1,(anonymous_0)
FNDA:1,(anonymous_1)
FNDA:1,(anonymous_2)
FNDA:0,(anonymous_3)
FNDA:0,(anonymous_4)
FNDA:0,(anonymous_5)
FNDA:1,(anonymous_6)
FNDA:1,(anonymous_7)
DA:14,1
DA:18,1
DA:20,1
DA:21,1
DA:22,1
DA:23,1
DA:27,1
DA:36,1
DA:37,1
DA:40,1
DA:44,0
DA:48,0
DA:50,0
DA:52,0
DA:57,1
DA:58,1
LF:16
LH:12
BRF:0
BRH:0
end_of_record
TN:
SF:C:\Users\Ihar_Sakun\OneDrive - EPAM\prv\data\cdp\FrontCamp\FCMP\angular-news\src\app\news\components\add-news\add-news.stub.component.ts
FNF:0
FNH:0
DA:8,1
LF:1
LH:1
BRF:0
BRH:0
end_of_record
TN:
SF:C:\Users\Ihar_Sakun\OneDrive - EPAM\prv\data\cdp\FrontCamp\FCMP\angular-news\src\app\news\components\dialog\dialog.component.ts
FN:11,(anonymous_0)
FN:16,(anonymous_1)
FNF:2
FNH:1
FNDA:1,(anonymous_0)
FNDA:0,(anonymous_1)
DA:9,1
DA:12,1
DA:13,1
DA:17,0
LF:4
LH:3
BRF:0
BRH:0
end_of_record
TN:
SF:C:\Users\Ihar_Sakun\OneDrive - EPAM\prv\data\cdp\FrontCamp\FCMP\angular-news\src\app\news\components\edit-news\edit-news.component.ts
FN:24,(anonymous_0)
FN:32,(anonymous_1)
FN:33,(anonymous_2)
FN:49,(anonymous_3)
FN:56,(anonymous_4)
FN:60,(anonymous_5)
FN:64,(anonymous_6)
FN:69,(anonymous_7)
FN:70,(anonymous_8)
FNF:9
FNH:4
FNDA:1,(anonymous_0)
FNDA:1,(anonymous_1)
FNDA:1,(anonymous_2)
FNDA:1,(anonymous_3)
FNDA:0,(anonymous_4)
FNDA:0,(anonymous_5)
FNDA:0,(anonymous_6)
FNDA:0,(anonymous_7)
FNDA:0,(anonymous_8)
DA:15,1
DA:22,1
DA:24,1
DA:25,1
DA:26,1
DA:27,1
DA:28,1
DA:29,1
DA:33,1
DA:34,1
DA:35,1
DA:36,0
DA:38,1
DA:39,1
DA:49,1
DA:50,1
DA:53,1
DA:57,0
DA:61,0
DA:63,0
DA:65,0
DA:70,0
DA:71,0
LF:23
LH:16
BRDA:35,0,0,0
BRDA:35,0,1,1
BRF:2
BRH:1
end_of_record
TN:
SF:C:\Users\Ihar_Sakun\OneDrive - EPAM\prv\data\cdp\FrontCamp\FCMP\angular-news\src\app\news\components\edit-news\edit-news.stub.component.ts
FNF:0
FNH:0
DA:8,1
LF:1
LH:1
BRF:0
BRH:0
end_of_record
TN:
SF:C:\Users\Ihar_Sakun\OneDrive - EPAM\prv\data\cdp\FrontCamp\FCMP\angular-news\src\app\news\components\load-more\load-more.component.ts
FN:10,(anonymous_0)
FN:13,(anonymous_1)
FN:16,(anonymous_2)
FNF:3
FNH:3
FNDA:2,(anonymous_0)
FNDA:2,(anonymous_1)
FNDA:2,(anonymous_2)
DA:8,1
LF:1
LH:1
BRF:0
BRH:0
end_of_record
TN:
SF:C:\Users\Ihar_Sakun\OneDrive - EPAM\prv\data\cdp\FrontCamp\FCMP\angular-news\src\app\news\components\load-more\load-more.stub.component.ts
FNF:0
FNH:0
DA:8,1
LF:1
LH:1
BRF:0
BRH:0
end_of_record
TN:
SF:C:\Users\Ihar_Sakun\OneDrive - EPAM\prv\data\cdp\FrontCamp\FCMP\angular-news\src\app\news\components\news-config-panel\news-config-panel.component.ts
FN:22,(anonymous_0)
FN:27,(anonymous_1)
FN:31,(anonymous_2)
FN:38,(anonymous_3)
FN:44,(anonymous_4)
FN:48,(anonymous_5)
FN:53,(anonymous_6)
FNF:7
FNH:4
FNDA:2,(anonymous_0)
FNDA:2,(anonymous_1)
FNDA:1,(anonymous_2)
FNDA:1,(anonymous_3)
FNDA:0,(anonymous_4)
FNDA:0,(anonymous_5)
FNDA:0,(anonymous_6)
DA:12,1
DA:13,2
DA:17,1
DA:18,1
DA:19,2
DA:20,2
DA:22,2
DA:23,2
DA:24,2
DA:28,2
DA:29,2
DA:30,2
DA:31,1
DA:33,1
DA:35,2
DA:39,1
DA:40,1
DA:45,0
DA:49,0
DA:50,0
DA:54,0
DA:55,0
DA:56,0
DA:58,0
LF:24
LH:17
BRDA:30,0,0,1
BRDA:30,0,1,1
BRDA:39,1,0,1
BRDA:39,1,1,0
BRDA:55,2,0,0
BRDA:55,2,1,0
BRF:6
BRH:3
end_of_record
TN:
SF:C:\Users\Ihar_Sakun\OneDrive - EPAM\prv\data\cdp\FrontCamp\FCMP\angular-news\src\app\news\components\news-config-panel\news-config-panel.stub.component.ts
FNF:0
FNH:0
DA:8,1
LF:1
LH:1
BRF:0
BRH:0
end_of_record
TN:
SF:C:\Users\Ihar_Sakun\OneDrive - EPAM\prv\data\cdp\FrontCamp\FCMP\angular-news\src\app\news\components\news-list\news-list.component.ts
FN:16,(anonymous_0)
FN:22,(anonymous_1)
FN:25,(anonymous_2)
FN:27,(anonymous_3)
FNF:4
FNH:2
FNDA:2,(anonymous_0)
FNDA:2,(anonymous_1)
FNDA:0,(anonymous_2)
FNDA:0,(anonymous_3)
DA:10,1
DA:12,1
DA:13,1
DA:14,2
DA:17,2
DA:18,2
DA:26,0
DA:28,0
LF:8
LH:6
BRF:0
BRH:0
end_of_record
TN:
SF:C:\Users\Ihar_Sakun\OneDrive - EPAM\prv\data\cdp\FrontCamp\FCMP\angular-news\src\app\news\components\news-list\news-list.stub.component.ts
FNF:0
FNH:0
DA:8,1
LF:1
LH:1
BRF:0
BRH:0
end_of_record
TN:
SF:C:\Users\Ihar_Sakun\OneDrive - EPAM\prv\data\cdp\FrontCamp\FCMP\angular-news\src\app\news\components\news-list-item\news-item.component.ts
FN:17,(anonymous_0)
FN:20,(anonymous_1)
FN:23,(anonymous_2)
FN:30,(anonymous_3)
FN:37,(anonymous_4)
FNF:5
FNH:3
FNDA:2,(anonymous_0)
FNDA:2,(anonymous_1)
FNDA:0,(anonymous_2)
FNDA:0,(anonymous_3)
FNDA:20,(anonymous_4)
DA:10,1
DA:12,1
DA:13,1
DA:14,1
DA:15,2
DA:17,2
DA:24,0
DA:25,0
DA:30,0
DA:31,0
DA:32,0
DA:38,20
LF:12
LH:7
BRDA:31,0,0,0
BRDA:31,0,1,0
BRDA:38,1,0,20
BRDA:38,1,1,3
BRDA:38,1,2,3
BRDA:38,1,3,2
BRF:6
BRH:4
end_of_record
TN:
SF:C:\Users\Ihar_Sakun\OneDrive - EPAM\prv\data\cdp\FrontCamp\FCMP\angular-news\src\app\news\components\news-list-item\news-item.stub.component.ts
FNF:0
FNH:0
DA:8,1
LF:1
LH:1
BRF:0
BRH:0
end_of_record
TN:
SF:C:\Users\Ihar_Sakun\OneDrive - EPAM\prv\data\cdp\FrontCamp\FCMP\angular-news\src\app\news\components\news-src\news-source.component.ts
FN:12,(anonymous_0)
FN:15,(anonymous_1)
FNF:2
FNH:2
FNDA:5,(anonymous_0)
FNDA:5,(anonymous_1)
DA:8,1
DA:10,1
LF:2
LH:2
BRF:0
BRH:0
end_of_record
TN:
SF:C:\Users\Ihar_Sakun\OneDrive - EPAM\prv\data\cdp\FrontCamp\FCMP\angular-news\src\app\news\components\news-src\news-source.stub.component.ts
FNF:0
FNH:0
DA:8,1
LF:1
LH:1
BRF:0
BRH:0
end_of_record
TN:
SF:C:\Users\Ihar_Sakun\OneDrive - EPAM\prv\data\cdp\FrontCamp\FCMP\angular-news\src\app\news\components\read-more\read-more.component.ts
FN:28,(anonymous_0)
FN:37,(anonymous_1)
FN:38,(anonymous_2)
FN:50,(anonymous_3)
FN:58,(anonymous_4)
FN:70,(anonymous_5)
FN:74,(anonymous_6)
FN:81,(anonymous_7)
FN:84,(anonymous_8)
FN:91,(anonymous_9)
FN:92,(anonymous_10)
FN:97,(anonymous_11)
FNF:12
FNH:8
FNDA:1,(anonymous_0)
FNDA:1,(anonymous_1)
FNDA:1,(anonymous_2)
FNDA:1,(anonymous_3)
FNDA:1,(anonymous_4)
FNDA:0,(anonymous_5)
FNDA:0,(anonymous_6)
FNDA:0,(anonymous_7)
FNDA:0,(anonymous_8)
FNDA:1,(anonymous_9)
FNDA:3,(anonymous_10)
FNDA:8,(anonymous_11)
DA:16,1
DA:21,1
DA:22,1
DA:24,1
DA:26,1
DA:28,1
DA:29,1
DA:30,1
DA:31,1
DA:32,1
DA:33,1
DA:34,1
DA:38,1
DA:39,1
DA:42,1
DA:50,1
DA:51,1
DA:52,0
DA:54,1
DA:58,1
DA:59,1
DA:60,1
DA:61,1
DA:62,0
DA:66,1
DA:71,0
DA:75,0
DA:76,0
DA:81,0
DA:82,0
DA:83,0
DA:85,0
DA:92,1
DA:93,3
DA:98,8
LF:35
LH:26
BRDA:51,0,0,0
BRDA:51,0,1,1
BRDA:51,1,0,1
BRDA:51,1,1,1
BRDA:61,2,0,0
BRDA:61,2,1,1
BRDA:82,3,0,0
BRDA:82,3,1,0
BRDA:98,4,0,8
BRDA:98,4,1,8
BRDA:98,4,2,8
BRDA:98,4,3,0
BRDA:98,4,4,0
BRF:13
BRH:7
end_of_record
TN:
SF:C:\Users\Ihar_Sakun\OneDrive - EPAM\prv\data\cdp\FrontCamp\FCMP\angular-news\src\app\news\components\read-more\read-more.stub.component.ts
FNF:0
FNH:0
DA:8,1
LF:1
LH:1
BRF:0
BRH:0
end_of_record
TN:
SF:C:\Users\Ihar_Sakun\OneDrive - EPAM\prv\data\cdp\FrontCamp\FCMP\angular-news\src\app\news\mock\news-api.mock.service.ts
FN:32,(anonymous_0)
FN:35,(anonymous_1)
FN:39,(anonymous_2)
FN:43,(anonymous_3)
FN:47,(anonymous_4)
FN:51,(anonymous_5)
FN:55,(anonymous_6)
FNF:7
FNH:2
FNDA:2,(anonymous_0)
FNDA:0,(anonymous_1)
FNDA:0,(anonymous_2)
FNDA:0,(anonymous_3)
FNDA:0,(anonymous_4)
FNDA:0,(anonymous_5)
FNDA:2,(anonymous_6)
DA:3,1
DA:36,0
DA:40,0
DA:44,0
DA:48,0
DA:52,0
DA:56,2
LF:7
LH:2
BRF:0
BRH:0
end_of_record
TN:
SF:C:\Users\Ihar_Sakun\OneDrive - EPAM\prv\data\cdp\FrontCamp\FCMP\angular-news\src\app\news\mock\news-routers.ts
FNF:0
FNH:0
DA:7,1
LF:1
LH:1
BRF:0
BRH:0
end_of_record
TN:
SF:C:\Users\Ihar_Sakun\OneDrive - EPAM\prv\data\cdp\FrontCamp\FCMP\angular-news\src\app\news\services\filter\filter.service.ts
FN:10,(anonymous_0)
FN:13,(anonymous_1)
FN:14,(anonymous_2)
FNF:3
FNH:1
FNDA:5,(anonymous_0)
FNDA:0,(anonymous_1)
FNDA:0,(anonymous_2)
DA:6,1
DA:8,5
DA:14,0
LF:3
LH:2
BRF:0
BRH:0
end_of_record
TN:
SF:C:\Users\Ihar_Sakun\OneDrive - EPAM\prv\data\cdp\FrontCamp\FCMP\angular-news\src\app\news\services\news-api\news-api.service.ts
FN:15,(anonymous_0)
FN:21,(anonymous_1)
FN:26,(anonymous_2)
FN:27,(anonymous_3)
FN:28,(anonymous_4)
FN:36,(anonymous_5)
FN:42,(anonymous_6)
FN:48,(anonymous_7)
FN:49,(anonymous_8)
FN:54,(anonymous_9)
FN:60,(anonymous_10)
FN:65,(anonymous_11)
FN:66,(anonymous_12)
FN:67,(anonymous_13)
FN:75,(anonymous_14)
FN:81,(anonymous_15)
FN:87,(anonymous_16)
FN:88,(anonymous_17)
FN:93,(anonymous_18)
FN:99,(anonymous_19)
FN:118,(anonymous_20)
FN:121,(anonymous_21)
FN:126,(anonymous_22)
FN:130,(anonymous_23)
FN:135,(anonymous_24)
FN:155,(anonymous_25)
FN:160,(anonymous_26)
FN:164,(anonymous_27)
FN:168,(anonymous_28)
FNF:29
FNH:3
FNDA:3,(anonymous_0)
FNDA:2,(anonymous_1)
FNDA:0,(anonymous_2)
FNDA:0,(anonymous_3)
FNDA:0,(anonymous_4)
FNDA:0,(anonymous_5)
FNDA:0,(anonymous_6)
FNDA:0,(anonymous_7)
FNDA:0,(anonymous_8)
FNDA:0,(anonymous_9)
FNDA:0,(anonymous_10)
FNDA:0,(anonymous_11)
FNDA:0,(anonymous_12)
FNDA:0,(anonymous_13)
FNDA:0,(anonymous_14)
FNDA:0,(anonymous_15)
FNDA:0,(anonymous_16)
FNDA:0,(anonymous_17)
FNDA:0,(anonymous_18)
FNDA:0,(anonymous_19)
FNDA:0,(anonymous_20)
FNDA:0,(anonymous_21)
FNDA:0,(anonymous_22)
FNDA:0,(anonymous_23)
FNDA:0,(anonymous_24)
FNDA:0,(anonymous_25)
FNDA:0,(anonymous_26)
FNDA:0,(anonymous_27)
FNDA:2,(anonymous_28)
DA:11,1
DA:13,3
DA:15,3
DA:16,3
DA:17,3
DA:18,3
DA:22,2
DA:23,2
DA:25,2
DA:26,0
DA:28,0
DA:29,0
DA:34,0
DA:35,0
DA:36,0
DA:38,0
DA:39,0
DA:40,0
DA:43,0
DA:46,0
DA:47,0
DA:48,0
DA:50,0
DA:51,0
DA:52,0
DA:55,0
DA:61,0
DA:62,0
DA:64,0
DA:65,0
DA:67,0
DA:68,0
DA:73,0
DA:74,0
DA:75,0
DA:77,0
DA:78,0
DA:79,0
DA:82,0
DA:85,0
DA:86,0
DA:87,0
DA:89,0
DA:90,0
DA:91,0
DA:94,0
DA:100,0
DA:101,0
DA:119,0
DA:122,0
DA:127,0
DA:128,0
DA:131,0
DA:136,0
DA:137,0
DA:156,0
DA:161,0
DA:165,0
DA:169,2
LF:59
LH:10
BRDA:24,0,0,2
BRDA:24,0,1,0
BRDA:34,1,0,0
BRDA:34,1,1,0
BRDA:63,2,0,0
BRDA:63,2,1,0
BRDA:73,3,0,0
BRDA:73,3,1,0
BRF:8
BRH:1
end_of_record
